<?xml version="1.0"?>
<testsuites>
  <testsuite name="PhantomJS 1.9.8 (Linux)" package="bower_components.laxar-media-widget" timestamp="2016-01-20T16:17:54" id="0" hostname="dpcl068.ac.aixigo.de" tests="16" errors="0" failures="0" time="1.123">
    <properties>
      <property name="browser.fullName" value="Mozilla/5.0 (Unknown; Linux x86_64) AppleWebKit/534.34 (KHTML, like Gecko) PhantomJS/1.9.8 Safari/534.34"/>
    </properties>
    <testcase name="displays media content in a suitable HTML element (R1.1)" time="0.298" classname="bower_components.laxar-media-widget PhantomJS 1.9.8 (Linux).An ax-media-widget  with configured media feature and configured resource"/>
    <testcase name="acts as resource slave in Master/Slave pattern (R1.2)" time="0.051" classname="bower_components.laxar-media-widget PhantomJS 1.9.8 (Linux).An ax-media-widget  with configured media feature and configured resource"/>
    <testcase name="loads from the configured media location (R1.3)" time="0.054" classname="bower_components.laxar-media-widget PhantomJS 1.9.8 (Linux).An ax-media-widget  with configured media feature and configured resource"/>
    <testcase name="interprets the media type correctly (R1.4)" time="0.053" classname="bower_components.laxar-media-widget PhantomJS 1.9.8 (Linux).An ax-media-widget  with configured media feature and configured resource"/>
    <testcase name="shows a title if desired and possible (R1.5)" time="0.052" classname="bower_components.laxar-media-widget PhantomJS 1.9.8 (Linux).An ax-media-widget  with configured media feature and configured resource and showTitle is true"/>
    <testcase name="shows no title if not desired (R1.5)" time="0.048" classname="bower_components.laxar-media-widget PhantomJS 1.9.8 (Linux).An ax-media-widget  with configured media feature and configured resource and showTitle is false"/>
    <testcase name="shows a caption if desired and possible (R1.6)" time="0.048" classname="bower_components.laxar-media-widget PhantomJS 1.9.8 (Linux).An ax-media-widget  with configured media feature and configured resource and showCaption is true"/>
    <testcase name="shows no caption if not desired (R1.6)" time="0.048" classname="bower_components.laxar-media-widget PhantomJS 1.9.8 (Linux).An ax-media-widget  with configured media feature and configured resource and showCaption is false"/>
    <testcase name="waits for any of the configured actions (R1.7)" time="0.049" classname="bower_components.laxar-media-widget PhantomJS 1.9.8 (Linux).An ax-media-widget  with configured media feature and configured resource and configured actions"/>
    <testcase name="allows to configure individual onActions as string (for backwards compatibility)(R1.7)" time="0.049" classname="bower_components.laxar-media-widget PhantomJS 1.9.8 (Linux).An ax-media-widget  with configured media feature and configured resource and configured actions"/>
    <testcase name="does not use any fixed size (R2.1)" time="0.05" classname="bower_components.laxar-media-widget PhantomJS 1.9.8 (Linux).An ax-media-widget  with a configured feature layout: size-to-container"/>
    <testcase name="respects the required content size (R2.4)" time="0.072" classname="bower_components.laxar-media-widget PhantomJS 1.9.8 (Linux).An ax-media-widget  with a configured feature layout: size-to-content"/>
    <testcase name="logs a warning and changes to layout size-to-container (R2.7)" time="0.053" classname="bower_components.laxar-media-widget PhantomJS 1.9.8 (Linux).An ax-media-widget  with a configured feature layout &apos;size-to-content&apos; and the surveying of the embedded site is not possible and the resource doesn&apos;t include mediaInformation"/>
    <testcase name="sets the requested window name (R3.1)" time="0.062" classname="bower_components.laxar-media-widget PhantomJS 1.9.8 (Linux).An ax-media-widget  with a configured feature integration"/>
    <testcase name="displays a link to the media content with the configured text (R4.1, R4.2, R4.3)" time="0.064" classname="bower_components.laxar-media-widget PhantomJS 1.9.8 (Linux).An ax-media-widget  with a configured feature fallback"/>
    <testcase name="keeps up with changes to its configured locale (R5.1)" time="0.072" classname="bower_components.laxar-media-widget PhantomJS 1.9.8 (Linux).An ax-media-widget  with a configured feature i18n"/>
    <system-out><![CDATA[
]]></system-out>
    <system-err/>
  </testsuite>
</testsuites>
