<?xml version="1.0"?>
<testsuites>
  <testsuite name="PhantomJS 1.9.8 (Linux)" package="bower_components.laxar-developer-tools-widget" timestamp="2016-01-20T16:17:51" id="0" hostname="dpcl068.ac.aixigo.de" tests="10" errors="0" failures="0" time="0.283">
    <properties>
      <property name="browser.fullName" value="Mozilla/5.0 (Unknown; Linux x86_64) AppleWebKit/534.34 (KHTML, like Gecko) PhantomJS/1.9.8 Safari/534.34"/>
    </properties>
    <testcase name="allows to configure an action for opening the developer tools window (R1.1)" time="0.157" classname="bower_components.laxar-developer-tools-widget PhantomJS 1.9.8 (Linux).The ax-developer-tools-widget with feature &quot;open&quot;"/>
    <testcase name="allows to configure a global javascript method that opens the window directly (R1.2)" time="0.013" classname="bower_components.laxar-developer-tools-widget PhantomJS 1.9.8 (Linux).The ax-developer-tools-widget with feature &quot;open&quot;"/>
    <testcase name="establishes a _communication channel_ to the contents of the developer tools window when open (R1.3)" time="0.017" classname="bower_components.laxar-developer-tools-widget PhantomJS 1.9.8 (Linux).The ax-developer-tools-widget with feature &quot;open&quot;"/>
    <testcase name="intercepts _event bus activity_ from the host application and forwards it to the communication channel as JSON (R1.4)" time="0.014" classname="bower_components.laxar-developer-tools-widget PhantomJS 1.9.8 (Linux).The ax-developer-tools-widget with feature &quot;open&quot;"/>
    <testcase name="intercepts LaxarJS _log messages_ from the host application and forwards them to the communication channel as JSON (R1.5)" time="0.012" classname="bower_components.laxar-developer-tools-widget PhantomJS 1.9.8 (Linux).The ax-developer-tools-widget with feature &quot;open&quot;"/>
    <testcase name="does not subscribe to action requests (R6.1)" time="0.018" classname="bower_components.laxar-developer-tools-widget PhantomJS 1.9.8 (Linux).The ax-developer-tools-widget disabled by application-wide configuration"/>
    <testcase name="does not intercept events (R6.2)" time="0.013" classname="bower_components.laxar-developer-tools-widget PhantomJS 1.9.8 (Linux).The ax-developer-tools-widget disabled by application-wide configuration"/>
    <testcase name="does not intercept log messages (R6.3)" time="0.013" classname="bower_components.laxar-developer-tools-widget PhantomJS 1.9.8 (Linux).The ax-developer-tools-widget disabled by application-wide configuration"/>
    <testcase name="does not add a configured global method (R6.4)" time="0.013" classname="bower_components.laxar-developer-tools-widget PhantomJS 1.9.8 (Linux).The ax-developer-tools-widget disabled by application-wide configuration"/>
    <testcase name="does not add a button (R6.5)" time="0.013" classname="bower_components.laxar-developer-tools-widget PhantomJS 1.9.8 (Linux).The ax-developer-tools-widget disabled by application-wide configuration"/>
    <system-out><![CDATA[PhantomJS 1.9.8 (Linux) WARN: 'WARN: ', 'laxar page tooling: trying to access data, but collecting it was never enabled', '(@ ?:-1)'
,PhantomJS 1.9.8 (Linux) INFO: 'INFO: ', 'test log message A', '(@ ?:-1)'
,PhantomJS 1.9.8 (Linux) INFO: 'INFO: ', 'test log message B', '(@ ?:-1)'

]]></system-out>
    <system-err/>
  </testsuite>
</testsuites>
