<?xml version="1.0"?>
<testsuites>
  <testsuite name="PhantomJS 1.9.8 (Linux)" package="bower_components.laxar-messages-widget" timestamp="2016-01-20T15:41:03" id="0" hostname="dpcl068.ac.aixigo.de" tests="50" errors="0" failures="0" time="1.475">
    <properties>
      <property name="browser.fullName" value="Mozilla/5.0 (Unknown; Linux x86_64) AppleWebKit/534.34 (KHTML, like Gecko) PhantomJS/1.9.8 Safari/534.34"/>
    </properties>
    <testcase name="interprets and displays received messages as HTML content (R1.1)" time="0.3" classname="bower_components.laxar-messages-widget PhantomJS 1.9.8 (Linux).An ax-messages-widget with a configured feature messages"/>
    <testcase name="sets the css class of the border to the one of the error class (R1.3)" time="0.022" classname="bower_components.laxar-messages-widget PhantomJS 1.9.8 (Linux).An ax-messages-widget with a configured feature messages"/>
    <testcase name="assigns css classes according to message level (A1.4)" time="0.025" classname="bower_components.laxar-messages-widget PhantomJS 1.9.8 (Linux).An ax-messages-widget with a configured feature messages"/>
    <testcase name="saves the error class, html content and sort key of each message (R1.5)" time="0.021" classname="bower_components.laxar-messages-widget PhantomJS 1.9.8 (Linux).An ax-messages-widget with a configured feature messages"/>
    <testcase name="shows the appropriate list types for the variant (R1.2)" time="0.019" classname="bower_components.laxar-messages-widget PhantomJS 1.9.8 (Linux).An ax-messages-widget with a configured feature messages and a layout variant 1"/>
    <testcase name="shows the appropriate list types for the variant (R1.2)" time="0.025" classname="bower_components.laxar-messages-widget PhantomJS 1.9.8 (Linux).An ax-messages-widget with a configured feature messages and a layout variant 2"/>
    <testcase name="shows the appropriate list types for the variant (R1.2)" time="0.021" classname="bower_components.laxar-messages-widget PhantomJS 1.9.8 (Linux).An ax-messages-widget with a configured feature messages and a layout variant 3"/>
    <testcase name="shows the appropriate list types for the variant (R1.2)" time="0.019" classname="bower_components.laxar-messages-widget PhantomJS 1.9.8 (Linux).An ax-messages-widget with a configured feature messages and a layout variant 4"/>
    <testcase name="puts these messages into a single view list (R1.6)" time="0.032" classname="bower_components.laxar-messages-widget PhantomJS 1.9.8 (Linux).An ax-messages-widget with a configured feature messages when messages were received"/>
    <testcase name="sorts the messages by configured resources and for each resource by sortKey (R1.7)" time="0.026" classname="bower_components.laxar-messages-widget PhantomJS 1.9.8 (Linux).An ax-messages-widget with a configured feature messages when messages were received"/>
    <testcase name="those messages are merged using the highest level at the first position the message occurred (R1.8, R1.9)" time="0.025" classname="bower_components.laxar-messages-widget PhantomJS 1.9.8 (Linux).An ax-messages-widget with a configured feature messages when multiple messages with same text are received"/>
    <testcase name="there is no visible button to dismiss a message (R2.1)" time="0.037" classname="bower_components.laxar-messages-widget PhantomJS 1.9.8 (Linux).An ax-messages-widget with feature dismiss when the feature is disabled"/>
    <testcase name="there is a visible button to dismiss a message (R2.2)" time="0.02" classname="bower_components.laxar-messages-widget PhantomJS 1.9.8 (Linux).An ax-messages-widget with feature dismiss when the feature is enabled"/>
    <testcase name="there is no visible dismiss button (R2.3)" time="0.02" classname="bower_components.laxar-messages-widget PhantomJS 1.9.8 (Linux).An ax-messages-widget with feature dismiss when the feature is enabled for variant 1 (no alert)"/>
    <testcase name="all messages can be deleted together (R2.3)" time="0.02" classname="bower_components.laxar-messages-widget PhantomJS 1.9.8 (Linux).An ax-messages-widget with feature dismiss when the feature is enabled for variant 2 (one alert for all messages)"/>
    <testcase name="there is only one visible dismiss button deleting all messages (R2.3)" time="0.021" classname="bower_components.laxar-messages-widget PhantomJS 1.9.8 (Linux).An ax-messages-widget with feature dismiss when the feature is enabled for variant 2 (one alert for all messages)"/>
    <testcase name="each message receives a visible dismiss button (R2.3)" time="0.037" classname="bower_components.laxar-messages-widget PhantomJS 1.9.8 (Linux).An ax-messages-widget with feature dismiss when the feature is enabled for variant 3 (one alert per error class)"/>
    <testcase name="each message receives a visible dismiss button (R2.3)" time="0.022" classname="bower_components.laxar-messages-widget PhantomJS 1.9.8 (Linux).An ax-messages-widget with feature dismiss when the feature is enabled for variant 4 (one alert per message)"/>
    <testcase name="the internal status does not change to a lower level (R2.4)" time="0.021" classname="bower_components.laxar-messages-widget PhantomJS 1.9.8 (Linux).An ax-messages-widget with feature dismiss when the feature is enabled and the level changes on dismiss"/>
    <testcase name="those will be displayed (R2.5)" time="0.02" classname="bower_components.laxar-messages-widget PhantomJS 1.9.8 (Linux).An ax-messages-widget with feature dismiss when there are dismissed messages and new messages arrive"/>
    <testcase name="dismissed will remain hidden (R2.5)" time="0.018" classname="bower_components.laxar-messages-widget PhantomJS 1.9.8 (Linux).An ax-messages-widget with feature dismiss when there are dismissed messages and new messages arrive"/>
    <testcase name="they will be displayed again (R2.5)" time="0.036" classname="bower_components.laxar-messages-widget PhantomJS 1.9.8 (Linux).An ax-messages-widget with feature dismiss when there are dismissed messages and new messages arrive when dismissed messages get renewed by didValidate events"/>
    <testcase name="when there are no messages the widget is invisible (R3.1)" time="0.017" classname="bower_components.laxar-messages-widget PhantomJS 1.9.8 (Linux).An ax-messages-widget with feature blank"/>
    <testcase name="sends a state flag with BLANK when there initially is no message (R4.1, R4.3)" time="0.017" classname="bower_components.laxar-messages-widget PhantomJS 1.9.8 (Linux).An ax-messages-widget with feature status"/>
    <testcase name="sends a state flag for the highest level (ERROR) using the configured flag name (R4.1, R4.2, R4.3)" time="0.024" classname="bower_components.laxar-messages-widget PhantomJS 1.9.8 (Linux).An ax-messages-widget with feature status"/>
    <testcase name="sends a state flag for the highest level (WARNING) using the configured flag name (R4.1, R4.2, R4.3)" time="0.021" classname="bower_components.laxar-messages-widget PhantomJS 1.9.8 (Linux).An ax-messages-widget with feature status"/>
    <testcase name="sends a state flag for the highest level (INFO) using the configured flag name (R4.1, R4.2, R4.3)" time="0.019" classname="bower_components.laxar-messages-widget PhantomJS 1.9.8 (Linux).An ax-messages-widget with feature status"/>
    <testcase name="sends a state flag for the highest level (SUCCESS) using the configured flag name (R4.1, R4.2, R4.3)" time="0.041" classname="bower_components.laxar-messages-widget PhantomJS 1.9.8 (Linux).An ax-messages-widget with feature status"/>
    <testcase name="sends a flag with state false for the previous state (R4.4)" time="0.021" classname="bower_components.laxar-messages-widget PhantomJS 1.9.8 (Linux).An ax-messages-widget with feature status"/>
    <testcase name="sets the state to BLANK and deletes all messages if a configured action is triggured (R4.5)" time="0.024" classname="bower_components.laxar-messages-widget PhantomJS 1.9.8 (Linux).An ax-messages-widget with feature status"/>
    <testcase name="the feature is completely disabled (R5.1)" time="0.017" classname="bower_components.laxar-messages-widget PhantomJS 1.9.8 (Linux).An ax-messages-widget with feature resource if resource list is null"/>
    <testcase name="all resources are validated (R5.2)" time="0.016" classname="bower_components.laxar-messages-widget PhantomJS 1.9.8 (Linux).An ax-messages-widget with feature resource if resource list is empty"/>
    <testcase name="all messages are inserted into the respective lists (R5.3, R5.6)" time="0.022" classname="bower_components.laxar-messages-widget PhantomJS 1.9.8 (Linux).An ax-messages-widget with feature resource if resource list is empty when messages are received"/>
    <testcase name="messages are deleted again for didReplace of a certain resource (R5.4)" time="0.022" classname="bower_components.laxar-messages-widget PhantomJS 1.9.8 (Linux).An ax-messages-widget with feature resource if resource list is empty when messages are received"/>
    <testcase name="messages are deleted again for validateRequest of a certain resource (R5.4)" time="0.048" classname="bower_components.laxar-messages-widget PhantomJS 1.9.8 (Linux).An ax-messages-widget with feature resource if resource list is empty when messages are received"/>
    <testcase name="messages for sub-topics are deleted on validateRequest of a super-topic resource (R5.5)" time="0.027" classname="bower_components.laxar-messages-widget PhantomJS 1.9.8 (Linux).An ax-messages-widget with feature resource if resource list is empty when messages are received"/>
    <testcase name="messages are not deleted again for SUCCESS message of a certain resource (replace is false) (R5.9)" time="0.026" classname="bower_components.laxar-messages-widget PhantomJS 1.9.8 (Linux).An ax-messages-widget with feature resource if resource list is empty when messages are received"/>
    <testcase name="messages of excluded resources are not inserted into the respective lists (R5.7)" time="0.021" classname="bower_components.laxar-messages-widget PhantomJS 1.9.8 (Linux).An ax-messages-widget with feature resource if resource list is empty and an exclude list is given"/>
    <testcase name="messages of resources that are subtopics of excluded resources are not inserted into the respective lists (R5.8)" time="0.021" classname="bower_components.laxar-messages-widget PhantomJS 1.9.8 (Linux).An ax-messages-widget with feature resource if resource list is empty and an exclude list is given"/>
    <testcase name="messages are deleted again for SUCCESS message of a certain resource (R5.9)" time="0.022" classname="bower_components.laxar-messages-widget PhantomJS 1.9.8 (Linux).An ax-messages-widget with feature resource if resource list is empty and SUCCESS message should replace others (R5_9) when messages are received"/>
    <testcase name="only the relevant resources are validated (R5.2)" time="0.015" classname="bower_components.laxar-messages-widget PhantomJS 1.9.8 (Linux).An ax-messages-widget with feature resource if resource list is given"/>
    <testcase name="relevant messages are inserted into the respective lists (R5.3, R5.6)" time="0.053" classname="bower_components.laxar-messages-widget PhantomJS 1.9.8 (Linux).An ax-messages-widget with feature resource if resource list is given when messages are received"/>
    <testcase name="messages are deleted again for didReplace of a certain resource (R5.4)" time="0.027" classname="bower_components.laxar-messages-widget PhantomJS 1.9.8 (Linux).An ax-messages-widget with feature resource if resource list is given when messages are received"/>
    <testcase name="messages are deleted again for validateRequest of a certain resource (R5.4)" time="0.026" classname="bower_components.laxar-messages-widget PhantomJS 1.9.8 (Linux).An ax-messages-widget with feature resource if resource list is given when messages are received"/>
    <testcase name="messages of excluded resources are not inserted into the respective lists (R5.7)" time="0.022" classname="bower_components.laxar-messages-widget PhantomJS 1.9.8 (Linux).An ax-messages-widget with feature resource if a resource list and an exclude list is given"/>
    <testcase name="sub-resources of excluded resources are not inserted into the respective lists (R5.8)" time="0.022" classname="bower_components.laxar-messages-widget PhantomJS 1.9.8 (Linux).An ax-messages-widget with feature resource if a resource list and an exclude list is given"/>
    <testcase name="the widget subscribes to this type of events (R6.2)" time="0.021" classname="bower_components.laxar-messages-widget PhantomJS 1.9.8 (Linux).An ax-messages-widget with feature errors when the feature is enabled"/>
    <testcase name="the treats the events as validation messages of outcome ERROR of a special resource (R6.1, R6.3)" time="0.022" classname="bower_components.laxar-messages-widget PhantomJS 1.9.8 (Linux).An ax-messages-widget with feature errors when the feature is enabled"/>
    <testcase name="the widget ignores this type of events (R6.2)" time="0.015" classname="bower_components.laxar-messages-widget PhantomJS 1.9.8 (Linux).An ax-messages-widget with feature errors when the feature is disabled"/>
    <testcase name="updates the message as the locale changes (R7.1)" time="0.019" classname="bower_components.laxar-messages-widget PhantomJS 1.9.8 (Linux).An ax-messages-widget with feature i18n"/>
    <system-out><![CDATA[
]]></system-out>
    <system-err/>
  </testsuite>
</testsuites>
