<?xml version="1.0"?>
<testsuites>
  <testsuite name="PhantomJS 1.9.8 (Linux)" package="includes.widgets.widget-browser.ax-widget-information-widget" timestamp="2016-01-20T15:41:08" id="0" hostname="dpcl068.ac.aixigo.de" tests="9" errors="0" failures="0" time="0.311">
    <properties>
      <property name="browser.fullName" value="Mozilla/5.0 (Unknown; Linux x86_64) AppleWebKit/534.34 (KHTML, like Gecko) PhantomJS/1.9.8 Safari/534.34"/>
    </properties>
    <testcase name="loads widget information from the configured resource (R1.1)" time="0.199" classname="includes.widgets.widget-browser.ax-widget-information-widget PhantomJS 1.9.8 (Linux).An ax-widget-information-widget with a configured widget resource"/>
    <testcase name="interprets the resource as a widget.json descriptor (R1.2)" time="0.017" classname="includes.widgets.widget-browser.ax-widget-information-widget PhantomJS 1.9.8 (Linux).An ax-widget-information-widget with a configured widget resource"/>
    <testcase name="displays name, description and version (R1.3)" time="0.013" classname="includes.widgets.widget-browser.ax-widget-information-widget PhantomJS 1.9.8 (Linux).An ax-widget-information-widget with a configured widget resource"/>
    <testcase name="displays the integration technology and type (R1.4)" time="0.012" classname="includes.widgets.widget-browser.ax-widget-information-widget PhantomJS 1.9.8 (Linux).An ax-widget-information-widget with a configured widget resource"/>
    <testcase name="displays the list of features (R1.5)" time="0.013" classname="includes.widgets.widget-browser.ax-widget-information-widget PhantomJS 1.9.8 (Linux).An ax-widget-information-widget with a configured widget resource"/>
    <testcase name="displays the list of features of a json schema 04 formatted file (R1.5)" time="0.017" classname="includes.widgets.widget-browser.ax-widget-information-widget PhantomJS 1.9.8 (Linux).An ax-widget-information-widget with a configured widget resource"/>
    <testcase name="loads bower information from the configured resource (R2.1)" time="0.013" classname="includes.widgets.widget-browser.ax-widget-information-widget PhantomJS 1.9.8 (Linux).An ax-widget-information-widget with a configured bower resource"/>
    <testcase name="display the version number of the widget from the bower.json (R2.2)" time="0.014" classname="includes.widgets.widget-browser.ax-widget-information-widget PhantomJS 1.9.8 (Linux).An ax-widget-information-widget with a configured bower resource"/>
    <testcase name="displays the dependencies (R2.3)" time="0.013" classname="includes.widgets.widget-browser.ax-widget-information-widget PhantomJS 1.9.8 (Linux).An ax-widget-information-widget with a configured bower resource"/>
    <system-out><![CDATA[
]]></system-out>
    <system-err/>
  </testsuite>
</testsuites>
