<?xml version="1.0"?>
<testsuites>
  <testsuite name="PhantomJS 1.9.8 (Linux)" package="bower_components.laxar-markdown-display-widget" timestamp="2016-01-20T16:17:53" id="0" hostname="dpcl068.ac.aixigo.de" tests="23" errors="0" failures="0" time="0.584">
    <properties>
      <property name="browser.fullName" value="Mozilla/5.0 (Unknown; Linux x86_64) AppleWebKit/534.34 (KHTML, like Gecko) PhantomJS/1.9.8 Safari/534.34"/>
    </properties>
    <testcase name="scrolls to the bookmarked section (R1.1)" time="0.253" classname="bower_components.laxar-markdown-display-widget PhantomJS 1.9.8 (Linux).An ax-markdown-display-widget when the site is entered through a bookmark with a parameter which refers to a section"/>
    <testcase name="reads the file referenced by the URL via HTTP GET (R1.2)" time="0.019" classname="bower_components.laxar-markdown-display-widget PhantomJS 1.9.8 (Linux).An ax-markdown-display-widget with a configured URL which refers to a Markdown-formatted text with the url &quot;test_md&quot;"/>
    <testcase name="publishes an error message" time="0.015" classname="bower_components.laxar-markdown-display-widget PhantomJS 1.9.8 (Linux).An ax-markdown-display-widget with a configured URL which refers to a Markdown-formatted text with the url &quot;test_md&quot; if the file is not found"/>
    <testcase name="converts the markdown file content to HTML (R1.6)" time="0.013" classname="bower_components.laxar-markdown-display-widget PhantomJS 1.9.8 (Linux).An ax-markdown-display-widget with a configured URL which refers to a Markdown-formatted text with the url &quot;test_md&quot;"/>
    <testcase name="resolves images with relative paths (R1.7)" time="0.015" classname="bower_components.laxar-markdown-display-widget PhantomJS 1.9.8 (Linux).An ax-markdown-display-widget with a configured URL which refers to a Markdown-formatted text with the url &quot;http://laxarjs_org/A/B/test_md&quot;"/>
    <testcase name="resolves hyperlinks with relative paths (R1.8)" time="0.019" classname="bower_components.laxar-markdown-display-widget PhantomJS 1.9.8 (Linux).An ax-markdown-display-widget with a configured URL which refers to a Markdown-formatted text with the url &quot;http://laxarjs_org/A/B/test_md&quot;"/>
    <testcase name="resolves links to anchors of headings (R1.9)" time="0.014" classname="bower_components.laxar-markdown-display-widget PhantomJS 1.9.8 (Linux).An ax-markdown-display-widget with a configured URL which refers to a Markdown-formatted text with the url &quot;http://laxarjs_org/A/B/test_md&quot;"/>
    <testcase name="uses a markdown resource and is listening to didReplace event (R1.3)" time="0.013" classname="bower_components.laxar-markdown-display-widget PhantomJS 1.9.8 (Linux).An ax-markdown-display-widget with a configured feature &apos;markdown&apos; and attribute &apos;resource&apos; when &apos;attribute&apos; is set to a non-empty string"/>
    <testcase name="uses a markdown resource and is listening to didUpdate event (R1.3)" time="0.013" classname="bower_components.laxar-markdown-display-widget PhantomJS 1.9.8 (Linux).An ax-markdown-display-widget with a configured feature &apos;markdown&apos; and attribute &apos;resource&apos; when &apos;attribute&apos; is set to a non-empty string"/>
    <testcase name="logs a warning if we do not have a string as markdown (R1.5)" time="0.019" classname="bower_components.laxar-markdown-display-widget PhantomJS 1.9.8 (Linux).An ax-markdown-display-widget with a configured feature &apos;markdown&apos; and attribute &apos;resource&apos; when &apos;attribute&apos; is set to a non-empty string"/>
    <testcase name="logs a warning if we do not have the specified attribute (R1.5)" time="0.013" classname="bower_components.laxar-markdown-display-widget PhantomJS 1.9.8 (Linux).An ax-markdown-display-widget with a configured feature &apos;markdown&apos; and attribute &apos;resource&apos; when &apos;attribute&apos; is set to a non-empty string"/>
    <testcase name="does not log a warning before the resource is received" time="0.014" classname="bower_components.laxar-markdown-display-widget PhantomJS 1.9.8 (Linux).An ax-markdown-display-widget with a configured feature &apos;markdown&apos; and attribute &apos;resource&apos; when &apos;attribute&apos; is set to a non-empty string"/>
    <testcase name="converts the markdown resource content to HTML (R1.6)" time="0.013" classname="bower_components.laxar-markdown-display-widget PhantomJS 1.9.8 (Linux).An ax-markdown-display-widget with a configured feature &apos;markdown&apos; and attribute &apos;resource&apos; when &apos;attribute&apos; is set to a non-empty string"/>
    <testcase name="resolves links to anchors of headings (R1.9)" time="0.013" classname="bower_components.laxar-markdown-display-widget PhantomJS 1.9.8 (Linux).An ax-markdown-display-widget with a configured feature &apos;markdown&apos; and attribute &apos;resource&apos; when &apos;attribute&apos; is set to a non-empty string"/>
    <testcase name="uses a markdown resource and is listening to didReplace event (R1.4)" time="0.013" classname="bower_components.laxar-markdown-display-widget PhantomJS 1.9.8 (Linux).An ax-markdown-display-widget with a configured feature &apos;markdown&apos; and attribute &apos;resource&apos; when &apos;attribute&apos; is not set"/>
    <testcase name="uses a markdown resource and is listening to didUpdate event (R1.4)" time="0.021" classname="bower_components.laxar-markdown-display-widget PhantomJS 1.9.8 (Linux).An ax-markdown-display-widget with a configured feature &apos;markdown&apos; and attribute &apos;resource&apos; when &apos;attribute&apos; is not set"/>
    <testcase name="logs a warning if we do not have a URL (R1.5)" time="0.014" classname="bower_components.laxar-markdown-display-widget PhantomJS 1.9.8 (Linux).An ax-markdown-display-widget with a configured feature &apos;markdown&apos; and attribute &apos;resource&apos; when &apos;attribute&apos; is not set"/>
    <testcase name="does not log a warning if the resource is null" time="0.013" classname="bower_components.laxar-markdown-display-widget PhantomJS 1.9.8 (Linux).An ax-markdown-display-widget with a configured feature &apos;markdown&apos; and attribute &apos;resource&apos; when &apos;attribute&apos; is not set"/>
    <testcase name="converts the markdown file content to HTML (R1.6)" time="0.013" classname="bower_components.laxar-markdown-display-widget PhantomJS 1.9.8 (Linux).An ax-markdown-display-widget with a configured feature &apos;markdown&apos; and attribute &apos;resource&apos; when &apos;attribute&apos; is not set"/>
    <testcase name="resolves images with relative paths (R1.7)" time="0.014" classname="bower_components.laxar-markdown-display-widget PhantomJS 1.9.8 (Linux).An ax-markdown-display-widget with a configured feature &apos;markdown&apos; and attribute &apos;resource&apos; when &apos;attribute&apos; is not set"/>
    <testcase name="resolves hyperlinks with relative paths (R1.8)" time="0.013" classname="bower_components.laxar-markdown-display-widget PhantomJS 1.9.8 (Linux).An ax-markdown-display-widget with a configured feature &apos;markdown&apos; and attribute &apos;resource&apos; when &apos;attribute&apos; is not set"/>
    <testcase name="resolves links to anchors of headings (R1.9)" time="0.022" classname="bower_components.laxar-markdown-display-widget PhantomJS 1.9.8 (Linux).An ax-markdown-display-widget with a configured feature &apos;markdown&apos; and attribute &apos;resource&apos; when &apos;attribute&apos; is not set"/>
    <testcase name="displays the text from the URL until the resource is published (R1.10)" time="0.015" classname="bower_components.laxar-markdown-display-widget PhantomJS 1.9.8 (Linux).An ax-markdown-display-widget with a configured feature &apos;markdown&apos; with an URL and an resource"/>
    <system-out><![CDATA[
]]></system-out>
    <system-err/>
  </testsuite>
</testsuites>
