<?xml version="1.0"?>
<testsuites>
  <testsuite name="PhantomJS 1.9.8 (Linux)" package="includes.widgets.widget-browser.ax-widget-listing-activity" timestamp="2016-01-20T16:18:02" id="0" hostname="dpcl068.ac.aixigo.de" tests="15" errors="0" failures="0" time="0.397">
    <properties>
      <property name="browser.fullName" value="Mozilla/5.0 (Unknown; Linux x86_64) AppleWebKit/534.34 (KHTML, like Gecko) PhantomJS/1.9.8 Safari/534.34"/>
    </properties>
    <testcase name="acts as slave for the according resource (R1.1)" time="0.197" classname="includes.widgets.widget-browser.ax-widget-listing-activity PhantomJS 1.9.8 (Linux).An ax-widget-listing-activity with a configured feature fileListing with a configured resource"/>
    <testcase name="makes a GET request using the combined information as url and extracts all information from there (R1.2, R1.3)" time="0.015" classname="includes.widgets.widget-browser.ax-widget-listing-activity PhantomJS 1.9.8 (Linux).An ax-widget-listing-activity with a configured feature fileListing with a configured resource when a didReplace event with applicationUrl and fileListingPath is sent"/>
    <testcase name="makes a GET request using the url (R1.2)" time="0.018" classname="includes.widgets.widget-browser.ax-widget-listing-activity PhantomJS 1.9.8 (Linux).An ax-widget-listing-activity with a configured feature fileListing with a configured resource when a didReplace event with applicationUrl and fileListingPath is sent when a didUpdate event changing the url is sent afterwards"/>
    <testcase name="emits a didValidate event with error message for the resource (R1.4)" time="0.013" classname="includes.widgets.widget-browser.ax-widget-listing-activity PhantomJS 1.9.8 (Linux).An ax-widget-listing-activity with a configured feature fileListing with a configured resource if an error occurs when reading the file listing"/>
    <testcase name="combines the each file path with the application url and makes for each a GET requests (R1.5, R1.6)" time="0.013" classname="includes.widgets.widget-browser.ax-widget-listing-activity PhantomJS 1.9.8 (Linux).An ax-widget-listing-activity with a configured feature fileListing with a configured list with URLs"/>
    <testcase name="emits a didValidate event with error message for the resource (R1.4)" time="0.012" classname="includes.widgets.widget-browser.ax-widget-listing-activity PhantomJS 1.9.8 (Linux).An ax-widget-listing-activity with a configured feature fileListing with a configured list with URLs"/>
    <testcase name="reads the file listing from the application in which it is embedded out (R1.6)" time="0.018" classname="includes.widgets.widget-browser.ax-widget-listing-activity PhantomJS 1.9.8 (Linux).An ax-widget-listing-activity with a configured feature fileListing with a configured list with URLs but no application url configured"/>
    <testcase name="propagates the new, sorted list via didReplace event (R2.1, R2.2, R2.3)" time="0.014" classname="includes.widgets.widget-browser.ax-widget-listing-activity PhantomJS 1.9.8 (Linux).An ax-widget-listing-activity with a configured feature fileListing with a configured feature widgetListing when the extracted information changes"/>
    <testcase name="propagates a sorted list via didReplace event (R2.1, R2.2, R2.3)" time="0.013" classname="includes.widgets.widget-browser.ax-widget-listing-activity PhantomJS 1.9.8 (Linux).An ax-widget-listing-activity with a configured feature fileListing with a configured feature widgetListing and with a configured list with several urls"/>
    <testcase name="uses the URL to get the file listing" time="0.013" classname="includes.widgets.widget-browser.ax-widget-listing-activity PhantomJS 1.9.8 (Linux).An ax-widget-listing-activity with a configured feature fileListing with an absolute application URL"/>
    <testcase name="combines the widget path with the application URL to the widget URL" time="0.013" classname="includes.widgets.widget-browser.ax-widget-listing-activity PhantomJS 1.9.8 (Linux).An ax-widget-listing-activity with a configured feature fileListing with an absolute application URL"/>
    <testcase name="uses the URL to get the file listing" time="0.012" classname="includes.widgets.widget-browser.ax-widget-listing-activity PhantomJS 1.9.8 (Linux).An ax-widget-listing-activity with a configured feature fileListing with an absolute application URL without a trailing slash"/>
    <testcase name="combines the widget path with the application URL to the widget URL" time="0.02" classname="includes.widgets.widget-browser.ax-widget-listing-activity PhantomJS 1.9.8 (Linux).An ax-widget-listing-activity with a configured feature fileListing with an absolute application URL without a trailing slash"/>
    <testcase name="uses the URL to get the file listing" time="0.013" classname="includes.widgets.widget-browser.ax-widget-listing-activity PhantomJS 1.9.8 (Linux).An ax-widget-listing-activity with a configured feature fileListing with a relative application URL"/>
    <testcase name="combines the widget path with the application URL to the widget URL" time="0.013" classname="includes.widgets.widget-browser.ax-widget-listing-activity PhantomJS 1.9.8 (Linux).An ax-widget-listing-activity with a configured feature fileListing with a relative application URL"/>
    <system-out><![CDATA[
]]></system-out>
    <system-err/>
  </testsuite>
</testsuites>
