<?xml version="1.0"?>
<testsuites>
  <testsuite name="PhantomJS 1.9.8 (Linux)" package="bower_components.laxar-developer-tools-widget" timestamp="2016-01-20T15:40:59" id="0" hostname="dpcl068.ac.aixigo.de" tests="10" errors="0" failures="0" time="0.283">
    <properties>
      <property name="browser.fullName" value="Mozilla/5.0 (Unknown; Linux x86_64) AppleWebKit/534.34 (KHTML, like Gecko) PhantomJS/1.9.8 Safari/534.34"/>
    </properties>
    <testcase name="allows to configure an action for opening the developer tools window (R1.1)" time="0.155" classname="bower_components.laxar-developer-tools-widget PhantomJS 1.9.8 (Linux).The ax-developer-tools-widget with feature &quot;open&quot;"/>
    <testcase name="allows to configure a global javascript method that opens the window directly (R1.2)" time="0.014" classname="bower_components.laxar-developer-tools-widget PhantomJS 1.9.8 (Linux).The ax-developer-tools-widget with feature &quot;open&quot;"/>
    <testcase name="establishes a _communication channel_ to the contents of the developer tools window when open (R1.3)" time="0.017" classname="bower_components.laxar-developer-tools-widget PhantomJS 1.9.8 (Linux).The ax-developer-tools-widget with feature &quot;open&quot;"/>
    <testcase name="intercepts _event bus activity_ from the host application and forwards it to the communication channel as JSON (R1.4)" time="0.014" classname="bower_components.laxar-developer-tools-widget PhantomJS 1.9.8 (Linux).The ax-developer-tools-widget with feature &quot;open&quot;"/>
    <testcase name="intercepts LaxarJS _log messages_ from the host application and forwards them to the communication channel as JSON (R1.5)" time="0.013" classname="bower_components.laxar-developer-tools-widget PhantomJS 1.9.8 (Linux).The ax-developer-tools-widget with feature &quot;open&quot;"/>
    <testcase name="does not subscribe to action requests (R6.1)" time="0.018" classname="bower_components.laxar-developer-tools-widget PhantomJS 1.9.8 (Linux).The ax-developer-tools-widget disabled by application-wide configuration"/>
    <testcase name="does not intercept events (R6.2)" time="0.013" classname="bower_components.laxar-developer-tools-widget PhantomJS 1.9.8 (Linux).The ax-developer-tools-widget disabled by application-wide configuration"/>
    <testcase name="does not intercept log messages (R6.3)" time="0.014" classname="bower_components.laxar-developer-tools-widget PhantomJS 1.9.8 (Linux).The ax-developer-tools-widget disabled by application-wide configuration"/>
    <testcase name="does not add a configured global method (R6.4)" time="0.013" classname="bower_components.laxar-developer-tools-widget PhantomJS 1.9.8 (Linux).The ax-developer-tools-widget disabled by application-wide configuration"/>
    <testcase name="does not add a button (R6.5)" time="0.012" classname="bower_components.laxar-developer-tools-widget PhantomJS 1.9.8 (Linux).The ax-developer-tools-widget disabled by application-wide configuration"/>
    <system-out><![CDATA[PhantomJS 1.9.8 (Linux) WARN: 'WARN: ', 'laxar page tooling: trying to access data, but collecting it was never enabled', '(@ ?:-1)'
,PhantomJS 1.9.8 (Linux) INFO: 'INFO: ', 'test log message A', '(@ ?:-1)'
,PhantomJS 1.9.8 (Linux) INFO: 'INFO: ', 'test log message B', '(@ ?:-1)'

]]></system-out>
    <system-err/>
  </testsuite>

  <testsuite name="PhantomJS 1.9.8 (Linux)" package="bower_components.laxar-markdown-display-widget" timestamp="2016-01-20T15:41:00" id="0" hostname="dpcl068.ac.aixigo.de" tests="23" errors="0" failures="0" time="0.583">
    <properties>
      <property name="browser.fullName" value="Mozilla/5.0 (Unknown; Linux x86_64) AppleWebKit/534.34 (KHTML, like Gecko) PhantomJS/1.9.8 Safari/534.34"/>
    </properties>
    <testcase name="scrolls to the bookmarked section (R1.1)" time="0.249" classname="bower_components.laxar-markdown-display-widget PhantomJS 1.9.8 (Linux).An ax-markdown-display-widget when the site is entered through a bookmark with a parameter which refers to a section"/>
    <testcase name="reads the file referenced by the URL via HTTP GET (R1.2)" time="0.02" classname="bower_components.laxar-markdown-display-widget PhantomJS 1.9.8 (Linux).An ax-markdown-display-widget with a configured URL which refers to a Markdown-formatted text with the url &quot;test_md&quot;"/>
    <testcase name="publishes an error message" time="0.014" classname="bower_components.laxar-markdown-display-widget PhantomJS 1.9.8 (Linux).An ax-markdown-display-widget with a configured URL which refers to a Markdown-formatted text with the url &quot;test_md&quot; if the file is not found"/>
    <testcase name="converts the markdown file content to HTML (R1.6)" time="0.014" classname="bower_components.laxar-markdown-display-widget PhantomJS 1.9.8 (Linux).An ax-markdown-display-widget with a configured URL which refers to a Markdown-formatted text with the url &quot;test_md&quot;"/>
    <testcase name="resolves images with relative paths (R1.7)" time="0.014" classname="bower_components.laxar-markdown-display-widget PhantomJS 1.9.8 (Linux).An ax-markdown-display-widget with a configured URL which refers to a Markdown-formatted text with the url &quot;http://laxarjs_org/A/B/test_md&quot;"/>
    <testcase name="resolves hyperlinks with relative paths (R1.8)" time="0.02" classname="bower_components.laxar-markdown-display-widget PhantomJS 1.9.8 (Linux).An ax-markdown-display-widget with a configured URL which refers to a Markdown-formatted text with the url &quot;http://laxarjs_org/A/B/test_md&quot;"/>
    <testcase name="resolves links to anchors of headings (R1.9)" time="0.014" classname="bower_components.laxar-markdown-display-widget PhantomJS 1.9.8 (Linux).An ax-markdown-display-widget with a configured URL which refers to a Markdown-formatted text with the url &quot;http://laxarjs_org/A/B/test_md&quot;"/>
    <testcase name="uses a markdown resource and is listening to didReplace event (R1.3)" time="0.013" classname="bower_components.laxar-markdown-display-widget PhantomJS 1.9.8 (Linux).An ax-markdown-display-widget with a configured feature &apos;markdown&apos; and attribute &apos;resource&apos; when &apos;attribute&apos; is set to a non-empty string"/>
    <testcase name="uses a markdown resource and is listening to didUpdate event (R1.3)" time="0.013" classname="bower_components.laxar-markdown-display-widget PhantomJS 1.9.8 (Linux).An ax-markdown-display-widget with a configured feature &apos;markdown&apos; and attribute &apos;resource&apos; when &apos;attribute&apos; is set to a non-empty string"/>
    <testcase name="logs a warning if we do not have a string as markdown (R1.5)" time="0.019" classname="bower_components.laxar-markdown-display-widget PhantomJS 1.9.8 (Linux).An ax-markdown-display-widget with a configured feature &apos;markdown&apos; and attribute &apos;resource&apos; when &apos;attribute&apos; is set to a non-empty string"/>
    <testcase name="logs a warning if we do not have the specified attribute (R1.5)" time="0.014" classname="bower_components.laxar-markdown-display-widget PhantomJS 1.9.8 (Linux).An ax-markdown-display-widget with a configured feature &apos;markdown&apos; and attribute &apos;resource&apos; when &apos;attribute&apos; is set to a non-empty string"/>
    <testcase name="does not log a warning before the resource is received" time="0.014" classname="bower_components.laxar-markdown-display-widget PhantomJS 1.9.8 (Linux).An ax-markdown-display-widget with a configured feature &apos;markdown&apos; and attribute &apos;resource&apos; when &apos;attribute&apos; is set to a non-empty string"/>
    <testcase name="converts the markdown resource content to HTML (R1.6)" time="0.013" classname="bower_components.laxar-markdown-display-widget PhantomJS 1.9.8 (Linux).An ax-markdown-display-widget with a configured feature &apos;markdown&apos; and attribute &apos;resource&apos; when &apos;attribute&apos; is set to a non-empty string"/>
    <testcase name="resolves links to anchors of headings (R1.9)" time="0.013" classname="bower_components.laxar-markdown-display-widget PhantomJS 1.9.8 (Linux).An ax-markdown-display-widget with a configured feature &apos;markdown&apos; and attribute &apos;resource&apos; when &apos;attribute&apos; is set to a non-empty string"/>
    <testcase name="uses a markdown resource and is listening to didReplace event (R1.4)" time="0.012" classname="bower_components.laxar-markdown-display-widget PhantomJS 1.9.8 (Linux).An ax-markdown-display-widget with a configured feature &apos;markdown&apos; and attribute &apos;resource&apos; when &apos;attribute&apos; is not set"/>
    <testcase name="uses a markdown resource and is listening to didUpdate event (R1.4)" time="0.022" classname="bower_components.laxar-markdown-display-widget PhantomJS 1.9.8 (Linux).An ax-markdown-display-widget with a configured feature &apos;markdown&apos; and attribute &apos;resource&apos; when &apos;attribute&apos; is not set"/>
    <testcase name="logs a warning if we do not have a URL (R1.5)" time="0.014" classname="bower_components.laxar-markdown-display-widget PhantomJS 1.9.8 (Linux).An ax-markdown-display-widget with a configured feature &apos;markdown&apos; and attribute &apos;resource&apos; when &apos;attribute&apos; is not set"/>
    <testcase name="does not log a warning if the resource is null" time="0.013" classname="bower_components.laxar-markdown-display-widget PhantomJS 1.9.8 (Linux).An ax-markdown-display-widget with a configured feature &apos;markdown&apos; and attribute &apos;resource&apos; when &apos;attribute&apos; is not set"/>
    <testcase name="converts the markdown file content to HTML (R1.6)" time="0.014" classname="bower_components.laxar-markdown-display-widget PhantomJS 1.9.8 (Linux).An ax-markdown-display-widget with a configured feature &apos;markdown&apos; and attribute &apos;resource&apos; when &apos;attribute&apos; is not set"/>
    <testcase name="resolves images with relative paths (R1.7)" time="0.014" classname="bower_components.laxar-markdown-display-widget PhantomJS 1.9.8 (Linux).An ax-markdown-display-widget with a configured feature &apos;markdown&apos; and attribute &apos;resource&apos; when &apos;attribute&apos; is not set"/>
    <testcase name="resolves hyperlinks with relative paths (R1.8)" time="0.013" classname="bower_components.laxar-markdown-display-widget PhantomJS 1.9.8 (Linux).An ax-markdown-display-widget with a configured feature &apos;markdown&apos; and attribute &apos;resource&apos; when &apos;attribute&apos; is not set"/>
    <testcase name="resolves links to anchors of headings (R1.9)" time="0.023" classname="bower_components.laxar-markdown-display-widget PhantomJS 1.9.8 (Linux).An ax-markdown-display-widget with a configured feature &apos;markdown&apos; and attribute &apos;resource&apos; when &apos;attribute&apos; is not set"/>
    <testcase name="displays the text from the URL until the resource is published (R1.10)" time="0.014" classname="bower_components.laxar-markdown-display-widget PhantomJS 1.9.8 (Linux).An ax-markdown-display-widget with a configured feature &apos;markdown&apos; with an URL and an resource"/>
    <system-out><![CDATA[
]]></system-out>
    <system-err/>
  </testsuite>

  <testsuite name="PhantomJS 1.9.8 (Linux)" package="bower_components.laxar-media-widget" timestamp="2016-01-20T15:41:01" id="0" hostname="dpcl068.ac.aixigo.de" tests="16" errors="0" failures="0" time="1.126">
    <properties>
      <property name="browser.fullName" value="Mozilla/5.0 (Unknown; Linux x86_64) AppleWebKit/534.34 (KHTML, like Gecko) PhantomJS/1.9.8 Safari/534.34"/>
    </properties>
    <testcase name="displays media content in a suitable HTML element (R1.1)" time="0.3" classname="bower_components.laxar-media-widget PhantomJS 1.9.8 (Linux).An ax-media-widget  with configured media feature and configured resource"/>
    <testcase name="acts as resource slave in Master/Slave pattern (R1.2)" time="0.052" classname="bower_components.laxar-media-widget PhantomJS 1.9.8 (Linux).An ax-media-widget  with configured media feature and configured resource"/>
    <testcase name="loads from the configured media location (R1.3)" time="0.054" classname="bower_components.laxar-media-widget PhantomJS 1.9.8 (Linux).An ax-media-widget  with configured media feature and configured resource"/>
    <testcase name="interprets the media type correctly (R1.4)" time="0.053" classname="bower_components.laxar-media-widget PhantomJS 1.9.8 (Linux).An ax-media-widget  with configured media feature and configured resource"/>
    <testcase name="shows a title if desired and possible (R1.5)" time="0.052" classname="bower_components.laxar-media-widget PhantomJS 1.9.8 (Linux).An ax-media-widget  with configured media feature and configured resource and showTitle is true"/>
    <testcase name="shows no title if not desired (R1.5)" time="0.048" classname="bower_components.laxar-media-widget PhantomJS 1.9.8 (Linux).An ax-media-widget  with configured media feature and configured resource and showTitle is false"/>
    <testcase name="shows a caption if desired and possible (R1.6)" time="0.048" classname="bower_components.laxar-media-widget PhantomJS 1.9.8 (Linux).An ax-media-widget  with configured media feature and configured resource and showCaption is true"/>
    <testcase name="shows no caption if not desired (R1.6)" time="0.049" classname="bower_components.laxar-media-widget PhantomJS 1.9.8 (Linux).An ax-media-widget  with configured media feature and configured resource and showCaption is false"/>
    <testcase name="waits for any of the configured actions (R1.7)" time="0.049" classname="bower_components.laxar-media-widget PhantomJS 1.9.8 (Linux).An ax-media-widget  with configured media feature and configured resource and configured actions"/>
    <testcase name="allows to configure individual onActions as string (for backwards compatibility)(R1.7)" time="0.05" classname="bower_components.laxar-media-widget PhantomJS 1.9.8 (Linux).An ax-media-widget  with configured media feature and configured resource and configured actions"/>
    <testcase name="does not use any fixed size (R2.1)" time="0.05" classname="bower_components.laxar-media-widget PhantomJS 1.9.8 (Linux).An ax-media-widget  with a configured feature layout: size-to-container"/>
    <testcase name="respects the required content size (R2.4)" time="0.072" classname="bower_components.laxar-media-widget PhantomJS 1.9.8 (Linux).An ax-media-widget  with a configured feature layout: size-to-content"/>
    <testcase name="logs a warning and changes to layout size-to-container (R2.7)" time="0.054" classname="bower_components.laxar-media-widget PhantomJS 1.9.8 (Linux).An ax-media-widget  with a configured feature layout &apos;size-to-content&apos; and the surveying of the embedded site is not possible and the resource doesn&apos;t include mediaInformation"/>
    <testcase name="sets the requested window name (R3.1)" time="0.063" classname="bower_components.laxar-media-widget PhantomJS 1.9.8 (Linux).An ax-media-widget  with a configured feature integration"/>
    <testcase name="displays a link to the media content with the configured text (R4.1, R4.2, R4.3)" time="0.063" classname="bower_components.laxar-media-widget PhantomJS 1.9.8 (Linux).An ax-media-widget  with a configured feature fallback"/>
    <testcase name="keeps up with changes to its configured locale (R5.1)" time="0.069" classname="bower_components.laxar-media-widget PhantomJS 1.9.8 (Linux).An ax-media-widget  with a configured feature i18n"/>
    <system-out><![CDATA[
]]></system-out>
    <system-err/>
  </testsuite>

  <testsuite name="PhantomJS 1.9.8 (Linux)" package="bower_components.laxar-messages-widget" timestamp="2016-01-20T15:41:03" id="0" hostname="dpcl068.ac.aixigo.de" tests="50" errors="0" failures="0" time="1.475">
    <properties>
      <property name="browser.fullName" value="Mozilla/5.0 (Unknown; Linux x86_64) AppleWebKit/534.34 (KHTML, like Gecko) PhantomJS/1.9.8 Safari/534.34"/>
    </properties>
    <testcase name="interprets and displays received messages as HTML content (R1.1)" time="0.3" classname="bower_components.laxar-messages-widget PhantomJS 1.9.8 (Linux).An ax-messages-widget with a configured feature messages"/>
    <testcase name="sets the css class of the border to the one of the error class (R1.3)" time="0.022" classname="bower_components.laxar-messages-widget PhantomJS 1.9.8 (Linux).An ax-messages-widget with a configured feature messages"/>
    <testcase name="assigns css classes according to message level (A1.4)" time="0.025" classname="bower_components.laxar-messages-widget PhantomJS 1.9.8 (Linux).An ax-messages-widget with a configured feature messages"/>
    <testcase name="saves the error class, html content and sort key of each message (R1.5)" time="0.021" classname="bower_components.laxar-messages-widget PhantomJS 1.9.8 (Linux).An ax-messages-widget with a configured feature messages"/>
    <testcase name="shows the appropriate list types for the variant (R1.2)" time="0.019" classname="bower_components.laxar-messages-widget PhantomJS 1.9.8 (Linux).An ax-messages-widget with a configured feature messages and a layout variant 1"/>
    <testcase name="shows the appropriate list types for the variant (R1.2)" time="0.025" classname="bower_components.laxar-messages-widget PhantomJS 1.9.8 (Linux).An ax-messages-widget with a configured feature messages and a layout variant 2"/>
    <testcase name="shows the appropriate list types for the variant (R1.2)" time="0.021" classname="bower_components.laxar-messages-widget PhantomJS 1.9.8 (Linux).An ax-messages-widget with a configured feature messages and a layout variant 3"/>
    <testcase name="shows the appropriate list types for the variant (R1.2)" time="0.019" classname="bower_components.laxar-messages-widget PhantomJS 1.9.8 (Linux).An ax-messages-widget with a configured feature messages and a layout variant 4"/>
    <testcase name="puts these messages into a single view list (R1.6)" time="0.032" classname="bower_components.laxar-messages-widget PhantomJS 1.9.8 (Linux).An ax-messages-widget with a configured feature messages when messages were received"/>
    <testcase name="sorts the messages by configured resources and for each resource by sortKey (R1.7)" time="0.026" classname="bower_components.laxar-messages-widget PhantomJS 1.9.8 (Linux).An ax-messages-widget with a configured feature messages when messages were received"/>
    <testcase name="those messages are merged using the highest level at the first position the message occurred (R1.8, R1.9)" time="0.025" classname="bower_components.laxar-messages-widget PhantomJS 1.9.8 (Linux).An ax-messages-widget with a configured feature messages when multiple messages with same text are received"/>
    <testcase name="there is no visible button to dismiss a message (R2.1)" time="0.037" classname="bower_components.laxar-messages-widget PhantomJS 1.9.8 (Linux).An ax-messages-widget with feature dismiss when the feature is disabled"/>
    <testcase name="there is a visible button to dismiss a message (R2.2)" time="0.02" classname="bower_components.laxar-messages-widget PhantomJS 1.9.8 (Linux).An ax-messages-widget with feature dismiss when the feature is enabled"/>
    <testcase name="there is no visible dismiss button (R2.3)" time="0.02" classname="bower_components.laxar-messages-widget PhantomJS 1.9.8 (Linux).An ax-messages-widget with feature dismiss when the feature is enabled for variant 1 (no alert)"/>
    <testcase name="all messages can be deleted together (R2.3)" time="0.02" classname="bower_components.laxar-messages-widget PhantomJS 1.9.8 (Linux).An ax-messages-widget with feature dismiss when the feature is enabled for variant 2 (one alert for all messages)"/>
    <testcase name="there is only one visible dismiss button deleting all messages (R2.3)" time="0.021" classname="bower_components.laxar-messages-widget PhantomJS 1.9.8 (Linux).An ax-messages-widget with feature dismiss when the feature is enabled for variant 2 (one alert for all messages)"/>
    <testcase name="each message receives a visible dismiss button (R2.3)" time="0.037" classname="bower_components.laxar-messages-widget PhantomJS 1.9.8 (Linux).An ax-messages-widget with feature dismiss when the feature is enabled for variant 3 (one alert per error class)"/>
    <testcase name="each message receives a visible dismiss button (R2.3)" time="0.022" classname="bower_components.laxar-messages-widget PhantomJS 1.9.8 (Linux).An ax-messages-widget with feature dismiss when the feature is enabled for variant 4 (one alert per message)"/>
    <testcase name="the internal status does not change to a lower level (R2.4)" time="0.021" classname="bower_components.laxar-messages-widget PhantomJS 1.9.8 (Linux).An ax-messages-widget with feature dismiss when the feature is enabled and the level changes on dismiss"/>
    <testcase name="those will be displayed (R2.5)" time="0.02" classname="bower_components.laxar-messages-widget PhantomJS 1.9.8 (Linux).An ax-messages-widget with feature dismiss when there are dismissed messages and new messages arrive"/>
    <testcase name="dismissed will remain hidden (R2.5)" time="0.018" classname="bower_components.laxar-messages-widget PhantomJS 1.9.8 (Linux).An ax-messages-widget with feature dismiss when there are dismissed messages and new messages arrive"/>
    <testcase name="they will be displayed again (R2.5)" time="0.036" classname="bower_components.laxar-messages-widget PhantomJS 1.9.8 (Linux).An ax-messages-widget with feature dismiss when there are dismissed messages and new messages arrive when dismissed messages get renewed by didValidate events"/>
    <testcase name="when there are no messages the widget is invisible (R3.1)" time="0.017" classname="bower_components.laxar-messages-widget PhantomJS 1.9.8 (Linux).An ax-messages-widget with feature blank"/>
    <testcase name="sends a state flag with BLANK when there initially is no message (R4.1, R4.3)" time="0.017" classname="bower_components.laxar-messages-widget PhantomJS 1.9.8 (Linux).An ax-messages-widget with feature status"/>
    <testcase name="sends a state flag for the highest level (ERROR) using the configured flag name (R4.1, R4.2, R4.3)" time="0.024" classname="bower_components.laxar-messages-widget PhantomJS 1.9.8 (Linux).An ax-messages-widget with feature status"/>
    <testcase name="sends a state flag for the highest level (WARNING) using the configured flag name (R4.1, R4.2, R4.3)" time="0.021" classname="bower_components.laxar-messages-widget PhantomJS 1.9.8 (Linux).An ax-messages-widget with feature status"/>
    <testcase name="sends a state flag for the highest level (INFO) using the configured flag name (R4.1, R4.2, R4.3)" time="0.019" classname="bower_components.laxar-messages-widget PhantomJS 1.9.8 (Linux).An ax-messages-widget with feature status"/>
    <testcase name="sends a state flag for the highest level (SUCCESS) using the configured flag name (R4.1, R4.2, R4.3)" time="0.041" classname="bower_components.laxar-messages-widget PhantomJS 1.9.8 (Linux).An ax-messages-widget with feature status"/>
    <testcase name="sends a flag with state false for the previous state (R4.4)" time="0.021" classname="bower_components.laxar-messages-widget PhantomJS 1.9.8 (Linux).An ax-messages-widget with feature status"/>
    <testcase name="sets the state to BLANK and deletes all messages if a configured action is triggured (R4.5)" time="0.024" classname="bower_components.laxar-messages-widget PhantomJS 1.9.8 (Linux).An ax-messages-widget with feature status"/>
    <testcase name="the feature is completely disabled (R5.1)" time="0.017" classname="bower_components.laxar-messages-widget PhantomJS 1.9.8 (Linux).An ax-messages-widget with feature resource if resource list is null"/>
    <testcase name="all resources are validated (R5.2)" time="0.016" classname="bower_components.laxar-messages-widget PhantomJS 1.9.8 (Linux).An ax-messages-widget with feature resource if resource list is empty"/>
    <testcase name="all messages are inserted into the respective lists (R5.3, R5.6)" time="0.022" classname="bower_components.laxar-messages-widget PhantomJS 1.9.8 (Linux).An ax-messages-widget with feature resource if resource list is empty when messages are received"/>
    <testcase name="messages are deleted again for didReplace of a certain resource (R5.4)" time="0.022" classname="bower_components.laxar-messages-widget PhantomJS 1.9.8 (Linux).An ax-messages-widget with feature resource if resource list is empty when messages are received"/>
    <testcase name="messages are deleted again for validateRequest of a certain resource (R5.4)" time="0.048" classname="bower_components.laxar-messages-widget PhantomJS 1.9.8 (Linux).An ax-messages-widget with feature resource if resource list is empty when messages are received"/>
    <testcase name="messages for sub-topics are deleted on validateRequest of a super-topic resource (R5.5)" time="0.027" classname="bower_components.laxar-messages-widget PhantomJS 1.9.8 (Linux).An ax-messages-widget with feature resource if resource list is empty when messages are received"/>
    <testcase name="messages are not deleted again for SUCCESS message of a certain resource (replace is false) (R5.9)" time="0.026" classname="bower_components.laxar-messages-widget PhantomJS 1.9.8 (Linux).An ax-messages-widget with feature resource if resource list is empty when messages are received"/>
    <testcase name="messages of excluded resources are not inserted into the respective lists (R5.7)" time="0.021" classname="bower_components.laxar-messages-widget PhantomJS 1.9.8 (Linux).An ax-messages-widget with feature resource if resource list is empty and an exclude list is given"/>
    <testcase name="messages of resources that are subtopics of excluded resources are not inserted into the respective lists (R5.8)" time="0.021" classname="bower_components.laxar-messages-widget PhantomJS 1.9.8 (Linux).An ax-messages-widget with feature resource if resource list is empty and an exclude list is given"/>
    <testcase name="messages are deleted again for SUCCESS message of a certain resource (R5.9)" time="0.022" classname="bower_components.laxar-messages-widget PhantomJS 1.9.8 (Linux).An ax-messages-widget with feature resource if resource list is empty and SUCCESS message should replace others (R5_9) when messages are received"/>
    <testcase name="only the relevant resources are validated (R5.2)" time="0.015" classname="bower_components.laxar-messages-widget PhantomJS 1.9.8 (Linux).An ax-messages-widget with feature resource if resource list is given"/>
    <testcase name="relevant messages are inserted into the respective lists (R5.3, R5.6)" time="0.053" classname="bower_components.laxar-messages-widget PhantomJS 1.9.8 (Linux).An ax-messages-widget with feature resource if resource list is given when messages are received"/>
    <testcase name="messages are deleted again for didReplace of a certain resource (R5.4)" time="0.027" classname="bower_components.laxar-messages-widget PhantomJS 1.9.8 (Linux).An ax-messages-widget with feature resource if resource list is given when messages are received"/>
    <testcase name="messages are deleted again for validateRequest of a certain resource (R5.4)" time="0.026" classname="bower_components.laxar-messages-widget PhantomJS 1.9.8 (Linux).An ax-messages-widget with feature resource if resource list is given when messages are received"/>
    <testcase name="messages of excluded resources are not inserted into the respective lists (R5.7)" time="0.022" classname="bower_components.laxar-messages-widget PhantomJS 1.9.8 (Linux).An ax-messages-widget with feature resource if a resource list and an exclude list is given"/>
    <testcase name="sub-resources of excluded resources are not inserted into the respective lists (R5.8)" time="0.022" classname="bower_components.laxar-messages-widget PhantomJS 1.9.8 (Linux).An ax-messages-widget with feature resource if a resource list and an exclude list is given"/>
    <testcase name="the widget subscribes to this type of events (R6.2)" time="0.021" classname="bower_components.laxar-messages-widget PhantomJS 1.9.8 (Linux).An ax-messages-widget with feature errors when the feature is enabled"/>
    <testcase name="the treats the events as validation messages of outcome ERROR of a special resource (R6.1, R6.3)" time="0.022" classname="bower_components.laxar-messages-widget PhantomJS 1.9.8 (Linux).An ax-messages-widget with feature errors when the feature is enabled"/>
    <testcase name="the widget ignores this type of events (R6.2)" time="0.015" classname="bower_components.laxar-messages-widget PhantomJS 1.9.8 (Linux).An ax-messages-widget with feature errors when the feature is disabled"/>
    <testcase name="updates the message as the locale changes (R7.1)" time="0.019" classname="bower_components.laxar-messages-widget PhantomJS 1.9.8 (Linux).An ax-messages-widget with feature i18n"/>
    <system-out><![CDATA[
]]></system-out>
    <system-err/>
  </testsuite>

  <testsuite name="PhantomJS 1.9.8 (Linux)" package="includes.widgets.widget-browser.ax-artifact-repository-link-widget" timestamp="2016-01-20T15:41:05" id="0" hostname="dpcl068.ac.aixigo.de" tests="3" errors="0" failures="0" time="0.271">
    <properties>
      <property name="browser.fullName" value="Mozilla/5.0 (Unknown; Linux x86_64) AppleWebKit/534.34 (KHTML, like Gecko) PhantomJS/1.9.8 Safari/534.34"/>
    </properties>
    <testcase name="acts as slave for the configured resource (R1.1)" time="0.241" classname="includes.widgets.widget-browser.ax-artifact-repository-link-widget PhantomJS 1.9.8 (Linux).An ax-artifact-repository-link-widget with a configured feature display"/>
    <testcase name="gets the url of the artifact from the configured resource (R1.2)" time="0.013" classname="includes.widgets.widget-browser.ax-artifact-repository-link-widget PhantomJS 1.9.8 (Linux).An ax-artifact-repository-link-widget with a configured feature display"/>
    <testcase name="allows to configure the link text (R1.3)" time="0.017" classname="includes.widgets.widget-browser.ax-artifact-repository-link-widget PhantomJS 1.9.8 (Linux).An ax-artifact-repository-link-widget with a configured feature display and configured link text"/>
    <system-out><![CDATA[
]]></system-out>
    <system-err/>
  </testsuite>

  <testsuite name="PhantomJS 1.9.8 (Linux)" package="includes.widgets.widget-browser.ax-widget-browser-widget" timestamp="2016-01-20T15:41:06" id="0" hostname="dpcl068.ac.aixigo.de" tests="12" errors="0" failures="0" time="0.405">
    <properties>
      <property name="browser.fullName" value="Mozilla/5.0 (Unknown; Linux x86_64) AppleWebKit/534.34 (KHTML, like Gecko) PhantomJS/1.9.8 Safari/534.34"/>
    </properties>
    <testcase name="acts as a slave of the list resource (R1.1)" time="0.238" classname="includes.widgets.widget-browser.ax-widget-browser-widget PhantomJS 1.9.8 (Linux).An ax-widget-browser-widget with a configured list resource"/>
    <testcase name="displays a selectable list with all widgets and activities (R1.2)" time="0.017" classname="includes.widgets.widget-browser.ax-widget-browser-widget PhantomJS 1.9.8 (Linux).An ax-widget-browser-widget with a configured list resource"/>
    <testcase name="selects the widget in relation to the place parameter (R2.1)" time="0.015" classname="includes.widgets.widget-browser.ax-widget-browser-widget PhantomJS 1.9.8 (Linux).An ax-widget-browser-widget after the user has made a selection and bookmarked the site and entered the site through the bookmark"/>
    <testcase name="the links in the widget list only have the not excluded parameters (R2.2)" time="0.013" classname="includes.widgets.widget-browser.ax-widget-browser-widget PhantomJS 1.9.8 (Linux).An ax-widget-browser-widget after the user has made a selection and bookmarked the site and entered the site through the bookmark"/>
    <testcase name="doesn&apos;t try to get any widget information data and replaces the resource with an empty object (R2.3)" time="0.013" classname="includes.widgets.widget-browser.ax-widget-browser-widget PhantomJS 1.9.8 (Linux).An ax-widget-browser-widget after the user has made a selection and bookmarked the site and entered the site through the bookmark and with a new resource list without the bookmarked widget and with a configured information resource"/>
    <testcase name="publishes a resource with the widget.json content of the selected widget (R2.3)" time="0.02" classname="includes.widgets.widget-browser.ax-widget-browser-widget PhantomJS 1.9.8 (Linux).An ax-widget-browser-widget after the user has made a selection and with a configured information resource"/>
    <testcase name="publishes a resource with the bower.json content of the selected widget (R2.4)" time="0.014" classname="includes.widgets.widget-browser.ax-widget-browser-widget PhantomJS 1.9.8 (Linux).An ax-widget-browser-widget after the user has made a selection and with a configured bower resource"/>
    <testcase name="publishes a resource with the link to the document of the selected widget (R2.5)" time="0.015" classname="includes.widgets.widget-browser.ax-widget-browser-widget PhantomJS 1.9.8 (Linux).An ax-widget-browser-widget after the user has made a selection and with a configured documentation resource and a configured file name list"/>
    <testcase name="publishes a resource with the link to the spec_runner.html (R2.6)" time="0.013" classname="includes.widgets.widget-browser.ax-widget-browser-widget PhantomJS 1.9.8 (Linux).An ax-widget-browser-widget after the user has made a selection and with a configured test runner resource"/>
    <testcase name="emits a didEncounterError event with an error message and replaces the resource with an empty object (R2.7)" time="0.019" classname="includes.widgets.widget-browser.ax-widget-browser-widget PhantomJS 1.9.8 (Linux).An ax-widget-browser-widget after the user has made a selection and with a configured information resource but the loading process fails"/>
    <testcase name="emits a didEncounterError event with an error message and replaces the resource with an empty object (R2.7)" time="0.014" classname="includes.widgets.widget-browser.ax-widget-browser-widget PhantomJS 1.9.8 (Linux).An ax-widget-browser-widget after the user has made a selection and with a configured bower resource but the loading process fails"/>
    <testcase name="emits a didEncounterError event with an error message and replaces the resource with an empty link (R2.7)" time="0.014" classname="includes.widgets.widget-browser.ax-widget-browser-widget PhantomJS 1.9.8 (Linux).An ax-widget-browser-widget after the user has made a selection and with a configured documentation resource but the loading process fails"/>
    <system-out><![CDATA[
]]></system-out>
    <system-err/>
  </testsuite>

  <testsuite name="PhantomJS 1.9.8 (Linux)" package="includes.widgets.widget-browser.ax-widget-information-widget" timestamp="2016-01-20T15:41:08" id="0" hostname="dpcl068.ac.aixigo.de" tests="9" errors="0" failures="0" time="0.311">
    <properties>
      <property name="browser.fullName" value="Mozilla/5.0 (Unknown; Linux x86_64) AppleWebKit/534.34 (KHTML, like Gecko) PhantomJS/1.9.8 Safari/534.34"/>
    </properties>
    <testcase name="loads widget information from the configured resource (R1.1)" time="0.199" classname="includes.widgets.widget-browser.ax-widget-information-widget PhantomJS 1.9.8 (Linux).An ax-widget-information-widget with a configured widget resource"/>
    <testcase name="interprets the resource as a widget.json descriptor (R1.2)" time="0.017" classname="includes.widgets.widget-browser.ax-widget-information-widget PhantomJS 1.9.8 (Linux).An ax-widget-information-widget with a configured widget resource"/>
    <testcase name="displays name, description and version (R1.3)" time="0.013" classname="includes.widgets.widget-browser.ax-widget-information-widget PhantomJS 1.9.8 (Linux).An ax-widget-information-widget with a configured widget resource"/>
    <testcase name="displays the integration technology and type (R1.4)" time="0.012" classname="includes.widgets.widget-browser.ax-widget-information-widget PhantomJS 1.9.8 (Linux).An ax-widget-information-widget with a configured widget resource"/>
    <testcase name="displays the list of features (R1.5)" time="0.013" classname="includes.widgets.widget-browser.ax-widget-information-widget PhantomJS 1.9.8 (Linux).An ax-widget-information-widget with a configured widget resource"/>
    <testcase name="displays the list of features of a json schema 04 formatted file (R1.5)" time="0.017" classname="includes.widgets.widget-browser.ax-widget-information-widget PhantomJS 1.9.8 (Linux).An ax-widget-information-widget with a configured widget resource"/>
    <testcase name="loads bower information from the configured resource (R2.1)" time="0.013" classname="includes.widgets.widget-browser.ax-widget-information-widget PhantomJS 1.9.8 (Linux).An ax-widget-information-widget with a configured bower resource"/>
    <testcase name="display the version number of the widget from the bower.json (R2.2)" time="0.014" classname="includes.widgets.widget-browser.ax-widget-information-widget PhantomJS 1.9.8 (Linux).An ax-widget-information-widget with a configured bower resource"/>
    <testcase name="displays the dependencies (R2.3)" time="0.013" classname="includes.widgets.widget-browser.ax-widget-information-widget PhantomJS 1.9.8 (Linux).An ax-widget-information-widget with a configured bower resource"/>
    <system-out><![CDATA[
]]></system-out>
    <system-err/>
  </testsuite>

  <testsuite name="PhantomJS 1.9.8 (Linux)" package="includes.widgets.widget-browser.ax-widget-listing-activity" timestamp="2016-01-20T15:41:09" id="0" hostname="dpcl068.ac.aixigo.de" tests="15" errors="0" failures="0" time="0.401">
    <properties>
      <property name="browser.fullName" value="Mozilla/5.0 (Unknown; Linux x86_64) AppleWebKit/534.34 (KHTML, like Gecko) PhantomJS/1.9.8 Safari/534.34"/>
    </properties>
    <testcase name="acts as slave for the according resource (R1.1)" time="0.198" classname="includes.widgets.widget-browser.ax-widget-listing-activity PhantomJS 1.9.8 (Linux).An ax-widget-listing-activity with a configured feature fileListing with a configured resource"/>
    <testcase name="makes a GET request using the combined information as url and extracts all information from there (R1.2, R1.3)" time="0.016" classname="includes.widgets.widget-browser.ax-widget-listing-activity PhantomJS 1.9.8 (Linux).An ax-widget-listing-activity with a configured feature fileListing with a configured resource when a didReplace event with applicationUrl and fileListingPath is sent"/>
    <testcase name="makes a GET request using the url (R1.2)" time="0.018" classname="includes.widgets.widget-browser.ax-widget-listing-activity PhantomJS 1.9.8 (Linux).An ax-widget-listing-activity with a configured feature fileListing with a configured resource when a didReplace event with applicationUrl and fileListingPath is sent when a didUpdate event changing the url is sent afterwards"/>
    <testcase name="emits a didValidate event with error message for the resource (R1.4)" time="0.014" classname="includes.widgets.widget-browser.ax-widget-listing-activity PhantomJS 1.9.8 (Linux).An ax-widget-listing-activity with a configured feature fileListing with a configured resource if an error occurs when reading the file listing"/>
    <testcase name="combines the each file path with the application url and makes for each a GET requests (R1.5, R1.6)" time="0.012" classname="includes.widgets.widget-browser.ax-widget-listing-activity PhantomJS 1.9.8 (Linux).An ax-widget-listing-activity with a configured feature fileListing with a configured list with URLs"/>
    <testcase name="emits a didValidate event with error message for the resource (R1.4)" time="0.013" classname="includes.widgets.widget-browser.ax-widget-listing-activity PhantomJS 1.9.8 (Linux).An ax-widget-listing-activity with a configured feature fileListing with a configured list with URLs"/>
    <testcase name="reads the file listing from the application in which it is embedded out (R1.6)" time="0.018" classname="includes.widgets.widget-browser.ax-widget-listing-activity PhantomJS 1.9.8 (Linux).An ax-widget-listing-activity with a configured feature fileListing with a configured list with URLs but no application url configured"/>
    <testcase name="propagates the new, sorted list via didReplace event (R2.1, R2.2, R2.3)" time="0.013" classname="includes.widgets.widget-browser.ax-widget-listing-activity PhantomJS 1.9.8 (Linux).An ax-widget-listing-activity with a configured feature fileListing with a configured feature widgetListing when the extracted information changes"/>
    <testcase name="propagates a sorted list via didReplace event (R2.1, R2.2, R2.3)" time="0.014" classname="includes.widgets.widget-browser.ax-widget-listing-activity PhantomJS 1.9.8 (Linux).An ax-widget-listing-activity with a configured feature fileListing with a configured feature widgetListing and with a configured list with several urls"/>
    <testcase name="uses the URL to get the file listing" time="0.012" classname="includes.widgets.widget-browser.ax-widget-listing-activity PhantomJS 1.9.8 (Linux).An ax-widget-listing-activity with a configured feature fileListing with an absolute application URL"/>
    <testcase name="combines the widget path with the application URL to the widget URL" time="0.014" classname="includes.widgets.widget-browser.ax-widget-listing-activity PhantomJS 1.9.8 (Linux).An ax-widget-listing-activity with a configured feature fileListing with an absolute application URL"/>
    <testcase name="uses the URL to get the file listing" time="0.012" classname="includes.widgets.widget-browser.ax-widget-listing-activity PhantomJS 1.9.8 (Linux).An ax-widget-listing-activity with a configured feature fileListing with an absolute application URL without a trailing slash"/>
    <testcase name="combines the widget path with the application URL to the widget URL" time="0.02" classname="includes.widgets.widget-browser.ax-widget-listing-activity PhantomJS 1.9.8 (Linux).An ax-widget-listing-activity with a configured feature fileListing with an absolute application URL without a trailing slash"/>
    <testcase name="uses the URL to get the file listing" time="0.013" classname="includes.widgets.widget-browser.ax-widget-listing-activity PhantomJS 1.9.8 (Linux).An ax-widget-listing-activity with a configured feature fileListing with a relative application URL"/>
    <testcase name="combines the widget path with the application URL to the widget URL" time="0.014" classname="includes.widgets.widget-browser.ax-widget-listing-activity PhantomJS 1.9.8 (Linux).An ax-widget-listing-activity with a configured feature fileListing with a relative application URL"/>
    <system-out><![CDATA[
]]></system-out>
    <system-err/>
  </testsuite>
</testsuites>
