<?xml version="1.0"?>
<testsuites>
  <testsuite name="PhantomJS 1.9.8 (Linux)" package="includes.widgets.widget-browser.ax-widget-browser-widget" timestamp="2016-01-20T16:17:59" id="0" hostname="dpcl068.ac.aixigo.de" tests="12" errors="0" failures="0" time="0.405">
    <properties>
      <property name="browser.fullName" value="Mozilla/5.0 (Unknown; Linux x86_64) AppleWebKit/534.34 (KHTML, like Gecko) PhantomJS/1.9.8 Safari/534.34"/>
    </properties>
    <testcase name="acts as a slave of the list resource (R1.1)" time="0.239" classname="includes.widgets.widget-browser.ax-widget-browser-widget PhantomJS 1.9.8 (Linux).An ax-widget-browser-widget with a configured list resource"/>
    <testcase name="displays a selectable list with all widgets and activities (R1.2)" time="0.018" classname="includes.widgets.widget-browser.ax-widget-browser-widget PhantomJS 1.9.8 (Linux).An ax-widget-browser-widget with a configured list resource"/>
    <testcase name="selects the widget in relation to the place parameter (R2.1)" time="0.016" classname="includes.widgets.widget-browser.ax-widget-browser-widget PhantomJS 1.9.8 (Linux).An ax-widget-browser-widget after the user has made a selection and bookmarked the site and entered the site through the bookmark"/>
    <testcase name="the links in the widget list only have the not excluded parameters (R2.2)" time="0.013" classname="includes.widgets.widget-browser.ax-widget-browser-widget PhantomJS 1.9.8 (Linux).An ax-widget-browser-widget after the user has made a selection and bookmarked the site and entered the site through the bookmark"/>
    <testcase name="doesn&apos;t try to get any widget information data and replaces the resource with an empty object (R2.3)" time="0.013" classname="includes.widgets.widget-browser.ax-widget-browser-widget PhantomJS 1.9.8 (Linux).An ax-widget-browser-widget after the user has made a selection and bookmarked the site and entered the site through the bookmark and with a new resource list without the bookmarked widget and with a configured information resource"/>
    <testcase name="publishes a resource with the widget.json content of the selected widget (R2.3)" time="0.019" classname="includes.widgets.widget-browser.ax-widget-browser-widget PhantomJS 1.9.8 (Linux).An ax-widget-browser-widget after the user has made a selection and with a configured information resource"/>
    <testcase name="publishes a resource with the bower.json content of the selected widget (R2.4)" time="0.013" classname="includes.widgets.widget-browser.ax-widget-browser-widget PhantomJS 1.9.8 (Linux).An ax-widget-browser-widget after the user has made a selection and with a configured bower resource"/>
    <testcase name="publishes a resource with the link to the document of the selected widget (R2.5)" time="0.014" classname="includes.widgets.widget-browser.ax-widget-browser-widget PhantomJS 1.9.8 (Linux).An ax-widget-browser-widget after the user has made a selection and with a configured documentation resource and a configured file name list"/>
    <testcase name="publishes a resource with the link to the spec_runner.html (R2.6)" time="0.013" classname="includes.widgets.widget-browser.ax-widget-browser-widget PhantomJS 1.9.8 (Linux).An ax-widget-browser-widget after the user has made a selection and with a configured test runner resource"/>
    <testcase name="emits a didEncounterError event with an error message and replaces the resource with an empty object (R2.7)" time="0.019" classname="includes.widgets.widget-browser.ax-widget-browser-widget PhantomJS 1.9.8 (Linux).An ax-widget-browser-widget after the user has made a selection and with a configured information resource but the loading process fails"/>
    <testcase name="emits a didEncounterError event with an error message and replaces the resource with an empty object (R2.7)" time="0.014" classname="includes.widgets.widget-browser.ax-widget-browser-widget PhantomJS 1.9.8 (Linux).An ax-widget-browser-widget after the user has made a selection and with a configured bower resource but the loading process fails"/>
    <testcase name="emits a didEncounterError event with an error message and replaces the resource with an empty link (R2.7)" time="0.014" classname="includes.widgets.widget-browser.ax-widget-browser-widget PhantomJS 1.9.8 (Linux).An ax-widget-browser-widget after the user has made a selection and with a configured documentation resource but the loading process fails"/>
    <system-out><![CDATA[
]]></system-out>
    <system-err/>
  </testsuite>
</testsuites>
